<?xml version="1.0" encoding="UTF-8"?>
<testsuites name="RestAPITesting" time="7" tests="1" failures="0" errors="0">
   <testsuite name="RestAPITesting" tests="1" failures="0" errors="0" time="7" timestamp="2018-09-02 17:37:48" hostname="saikumar.thaniyappa - SpicityL548.SPI.COM" id="Test Suites/RestAPITesting">
      <properties>
         <property name="deviceName" value=""/>
         <property name="devicePlatform" value=""/>
         <property name="logFolder" value="C:\\KatalonStudio_Workspace\\FreeCRM\\Reports\\RestAPITesting\\20180902_173745"/>
         <property name="logFiles" value="C:\\KatalonStudio_Workspace\\FreeCRM\\Reports\\RestAPITesting\\20180902_173745\\execution0.log"/>
         <property name="attachments" value=""/>
         <property name="hostName" value="saikumar.thaniyappa - SpicityL548.SPI.COM"/>
         <property name="hostAddress" value="10.0.107.71"/>
         <property name="os" value="Windows 7 64bit"/>
         <property name="katalonVersion" value="5.6.3.1"/>
      </properties>
      <testcase name="Test Cases/RESTApi/ValidateUserDetails" classname="Test Cases/RESTApi/ValidateUserDetails" status="PASSED">
         <system-out><![CDATA[2018-09-02 17:37:48 - [TEST_CASE][PASSED] - Test Cases/RESTApi/ValidateUserDetails: Test Cases/RESTApi/ValidateUserDetails

2018-09-02 17:37:50 - [TEST_STEP][PASSED] - Statement - response = com.kms.katalon.core.webservice.keyword.WSBuiltInKeywords.sendRequest(com.kms.katalon.core.testobject.ObjectRepository.findTestObject(API/GetUserDetails)): Send request successfully

2018-09-02 17:37:53 - [MESSAGE][PASSED] - Send request successfully

2018-09-02 17:37:53 - [TEST_STEP][PASSED] - verifyResponseStatusCode: Verify response status code successfully

2018-09-02 17:37:53 - [MESSAGE][PASSED] - Verify response status code successfully

2018-09-02 17:37:53 - [TEST_STEP][PASSED] - verifyElementPropertyValue: Verify element property value successfully

2018-09-02 17:37:53 - [MESSAGE][PASSED] - Verify element property value successfully]]></system-out>
         <system-err><![CDATA[]]></system-err>
      </testcase>
      <system-out><![CDATA[2018-09-02 17:37:48 - [TEST_SUITE][PASSED] - RestAPITesting: Test Cases/RESTApi/ValidateUserDetails]]></system-out>
      <system-err><![CDATA[]]></system-err>
   </testsuite>
</testsuites>
