<?xml version="1.0" encoding="UTF-8"?>
<testsuites name="FreeCRM-BasicFunctionalityCheck" time="6" tests="0" failures="1" errors="0">
   <testsuite name="FreeCRM-BasicFunctionalityCheck" tests="0" failures="1" errors="0" time="6" timestamp="2018-08-26 20:00:17" hostname="saikumar.thaniyappa - SpicityL548.SPI.COM" id="Test Suites/FreeCRM-BasicFunctionalityCheck">
      <properties>
         <property name="deviceName" value=""/>
         <property name="devicePlatform" value=""/>
         <property name="logFolder" value="C:\\KatalonStudio_Workspace\\FreeCRM\\Reports\\FreeCRM-BasicFunctionalityCheck\\20180826_200013"/>
         <property name="logFiles" value="C:\\KatalonStudio_Workspace\\FreeCRM\\Reports\\FreeCRM-BasicFunctionalityCheck\\20180826_200013\\execution0.log"/>
         <property name="attachments" value=""/>
         <property name="hostName" value="saikumar.thaniyappa - SpicityL548.SPI.COM"/>
         <property name="hostAddress" value="10.0.107.71"/>
         <property name="os" value="Windows 7 64bit"/>
         <property name="katalonVersion" value="5.6.0.1"/>
      </properties>
      <testcase name="Test Cases/FreeCRM-Login" classname="Test Cases/FreeCRM-Login" status="FAILED">
         <failure type="FAILED" message="Unable to open browser with url: '' (Root cause: java.lang.IllegalStateException: The path to the driver executable must be set by the webdriver.gecko.driver system property; for more information, see https://github.com/mozilla/geckodriver. The latest version can be downloaded from https://github.com/mozilla/geckodriver/releases)"/>
         <system-out><![CDATA[2018-08-26 20:00:17 - [TEST_CASE][FAILED] - Test Cases/FreeCRM-Login: Test Cases/FreeCRM-Login FAILED because (of) Unable to open browser with url: '' (Root cause: java.lang.IllegalStateException: The path to the driver executable must be set by the webdriver.gecko.driver system property; for more information, see https://github.com/mozilla/geckodriver. The latest version can be downloaded from https://github.com/mozilla/geckodriver/releases)

2018-08-26 20:00:18 - [TEST_STEP][FAILED] - openBrowser: Unable to open browser with url: '' (Root cause: java.lang.IllegalStateException: The path to the driver executable must be set by the webdriver.gecko.driver system property; for more information, see https://github.com/mozilla/geckodriver. The latest version can be downloaded from https://github.com/mozilla/geckodriver/releases)

2018-08-26 20:00:23 - [MESSAGE][FAILED] - Unable to open browser with url: '' (Root cause: java.lang.IllegalStateException: The path to the driver executable must be set by the webdriver.gecko.driver system property; for more information, see https://github.com/mozilla/geckodriver. The latest version can be downloaded from https://github.com/mozilla/geckodriver/releases)]]></system-out>
         <system-err><![CDATA[2018-08-26 20:00:17 - [TEST_CASE][FAILED] - Test Cases/FreeCRM-Login: Test Cases/FreeCRM-Login FAILED because (of) Unable to open browser with url: '' (Root cause: java.lang.IllegalStateException: The path to the driver executable must be set by the webdriver.gecko.driver system property; for more information, see https://github.com/mozilla/geckodriver. The latest version can be downloaded from https://github.com/mozilla/geckodriver/releases)]]></system-err>
      </testcase>
      <system-out><![CDATA[2018-08-26 20:00:17 - [TEST_SUITE][FAILED] - FreeCRM-BasicFunctionalityCheck: Test Cases/FreeCRM-Login FAILED because (of) Unable to open browser with url: '' (Root cause: java.lang.IllegalStateException: The path to the driver executable must be set by the webdriver.gecko.driver system property; for more information, see https://github.com/mozilla/geckodriver. The latest version can be downloaded from https://github.com/mozilla/geckodriver/releases)]]></system-out>
      <system-err><![CDATA[2018-08-26 20:00:17 - [TEST_SUITE][FAILED] - FreeCRM-BasicFunctionalityCheck: Test Cases/FreeCRM-Login FAILED because (of) Unable to open browser with url: '' (Root cause: java.lang.IllegalStateException: The path to the driver executable must be set by the webdriver.gecko.driver system property; for more information, see https://github.com/mozilla/geckodriver. The latest version can be downloaded from https://github.com/mozilla/geckodriver/releases)]]></system-err>
   </testsuite>
</testsuites>
